0 info it worked if it ends with ok
1 verbose cli [ '/usr/local/bin/node',
1 verbose cli   '/Users/pyaswan/.npm-packages/bin/npm',
1 verbose cli   'run',
1 verbose cli   'start' ]
2 info using npm@4.0.2
3 info using node@v6.9.1
4 verbose run-script [ 'prestart', 'start', 'poststart' ]
5 info lifecycle 3spades@1.0.0~prestart: 3spades@1.0.0
6 silly lifecycle 3spades@1.0.0~prestart: no script for prestart, continuing
7 info lifecycle 3spades@1.0.0~start: 3spades@1.0.0
8 verbose lifecycle 3spades@1.0.0~start: unsafe-perm in lifecycle true
9 verbose lifecycle 3spades@1.0.0~start: PATH: /Users/pyaswan/.npm-packages/lib/node_modules/npm/bin/node-gyp-bin:/Users/pyaswan/yaswanth/projects/3spades/node_modules/.bin:/Users/pyaswan/.npm-packages/bin:/Users/pyaswan/Library/Android/sdk/platform-tools/:/Users/pyaswan/Documents/Scripts:/opt/local/bin:/opt/local/sbin:/usr/local/mysql/bin:/usr/local/bin:/usr/bin:/bin:/usr/sbin:/sbin:/opt/X11/bin:/Applications/Wireshark.app/Contents/MacOS:/Users/pyaswan/programs/apache-maven-3.3.3/bin
10 verbose lifecycle 3spades@1.0.0~start: CWD: /Users/pyaswan/yaswanth/projects/3spades
11 silly lifecycle 3spades@1.0.0~start: Args: [ '-c', 'npm run build && npm run server' ]
12 silly lifecycle 3spades@1.0.0~start: Returned: code: 1  signal: null
13 info lifecycle 3spades@1.0.0~start: Failed to exec start script
14 verbose stack Error: 3spades@1.0.0 start: `npm run build && npm run server`
14 verbose stack Exit status 1
14 verbose stack     at EventEmitter.<anonymous> (/Users/pyaswan/.npm-packages/lib/node_modules/npm/lib/utils/lifecycle.js:279:16)
14 verbose stack     at emitTwo (events.js:106:13)
14 verbose stack     at EventEmitter.emit (events.js:191:7)
14 verbose stack     at ChildProcess.<anonymous> (/Users/pyaswan/.npm-packages/lib/node_modules/npm/lib/utils/spawn.js:40:14)
14 verbose stack     at emitTwo (events.js:106:13)
14 verbose stack     at ChildProcess.emit (events.js:191:7)
14 verbose stack     at maybeClose (internal/child_process.js:877:16)
14 verbose stack     at Process.ChildProcess._handle.onexit (internal/child_process.js:226:5)
15 verbose pkgid 3spades@1.0.0
16 verbose cwd /Users/pyaswan/yaswanth/projects/3spades/ui/bundle
17 error Darwin 16.7.0
18 error argv "/usr/local/bin/node" "/Users/pyaswan/.npm-packages/bin/npm" "run" "start"
19 error node v6.9.1
20 error npm  v4.0.2
21 error code ELIFECYCLE
22 error 3spades@1.0.0 start: `npm run build && npm run server`
22 error Exit status 1
23 error Failed at the 3spades@1.0.0 start script 'npm run build && npm run server'.
23 error Make sure you have the latest version of node.js and npm installed.
23 error If you do, this is most likely a problem with the 3spades package,
23 error not with npm itself.
23 error Tell the author that this fails on your system:
23 error     npm run build && npm run server
23 error You can get information on how to open an issue for this project with:
23 error     npm bugs 3spades
23 error Or if that isn't available, you can get their info via:
23 error     npm owner ls 3spades
23 error There is likely additional logging output above.
24 verbose exit [ 1, true ]
